<?xml version="1.0" encoding="UTF-8"?>
<!-- Generated by org.testng.reporters.JUnitReportReporter -->
<testsuite skipped="0" hostname="LAPTOP-PQIMIOOI" name="com.ebay.Testcase.EbayRegister" tests="2" failures="0" timestamp="29 Jun 2018 03:41:49 GMT" time="98.804" errors="0">
  <testcase name="getdata" time="0.280" classname="com.ebay.Testcase.EbayRegister"/>
  <testcase name="register" time="98.524" classname="com.ebay.Testcase.EbayRegister"/>
</testsuite> <!-- com.ebay.Testcase.EbayRegister -->
