<?xml version="1.0" encoding="UTF-8"?>
<!-- Generated by org.testng.reporters.JUnitReportReporter -->
<testsuite skipped="1" hostname="LAPTOP-PQIMIOOI" name="Launch.Ebay" tests="3" failures="0" timestamp="22 Jun 2018 19:36:52 GMT" time="35.433" errors="0">
  <testcase name="setUp" time="0.012" classname="Launch.Ebay"/>
  <testcase name="swipe" time="35.421" classname="Launch.Ebay"/>
  <testcase name="maina" classname="Launch.Ebay">
    <skipped/>
  </testcase> <!-- maina -->
</testsuite> <!-- Launch.Ebay -->
