<?xml version="1.0" encoding="UTF-8"?>
<!-- Generated by org.testng.reporters.JUnitReportReporter -->
<testsuite skipped="0" hostname="LAPTOP-PQIMIOOI" name="Launch.ScreenShot" tests="1" failures="0" timestamp="23 Jun 2018 07:37:08 GMT" time="7.615" errors="0">
  <testcase name="sceenshot" time="7.615" classname="Launch.ScreenShot"/>
</testsuite> <!-- Launch.ScreenShot -->
