<?xml version="1.0" encoding="UTF-8"?>
<!-- Generated by org.testng.reporters.JUnitReportReporter -->
<testsuite skipped="0" hostname="LAPTOP-PQIMIOOI" name="Launch.ScrollandSwipe" tests="2" failures="0" timestamp="23 Jun 2018 07:19:51 GMT" time="15.914" errors="0">
  <testcase name="scroll" time="8.189" classname="Launch.ScrollandSwipe"/>
  <testcase name="Swipe" time="7.725" classname="Launch.ScrollandSwipe"/>
</testsuite> <!-- Launch.ScrollandSwipe -->
