<?xml version="1.0" encoding="UTF-8"?>
<!-- Generated by org.testng.reporters.JUnitReportReporter -->
<testsuite skipped="0" hostname="LAPTOP-PQIMIOOI" name="Launch.EbayRegister" tests="1" failures="0" timestamp="23 Jun 2018 06:05:08 GMT" time="86.528" errors="0">
  <testcase name="register" time="86.528" classname="Launch.EbayRegister"/>
</testsuite> <!-- Launch.EbayRegister -->
