<?xml version="1.0" encoding="UTF-8"?>
<!-- Generated by org.testng.reporters.JUnitReportReporter -->
<testsuite skipped="0" hostname="LAPTOP-PQIMIOOI" name="Launch.Rotation" tests="1" failures="0" timestamp="23 Jun 2018 07:27:35 GMT" time="12.239" errors="0">
  <testcase name="scroll" time="12.239" classname="Launch.Rotation"/>
</testsuite> <!-- Launch.Rotation -->
