<?xml version="1.0" encoding="UTF-8"?>
<!-- Generated by org.testng.reporters.JUnitReportReporter -->
<testsuite skipped="1" hostname="LAPTOP-PQIMIOOI" name="com.ebay.Testcase.ScreenShot" tests="1" failures="0" timestamp="23 Jun 2018 10:07:36 GMT" time="0.000" errors="0">
  <testcase name="sceenshot" time="0.000" classname="com.ebay.Testcase.ScreenShot">
    <skipped/>
  </testcase> <!-- sceenshot -->
</testsuite> <!-- com.ebay.Testcase.ScreenShot -->
