<?xml version="1.0" encoding="UTF-8"?>
<!-- Generated by org.testng.reporters.JUnitReportReporter -->
<testsuite skipped="2" hostname="LAPTOP-PQIMIOOI" name="com.ebay.Testcase.ScrollandSwipe" tests="2" failures="0" timestamp="23 Jun 2018 10:07:36 GMT" time="0.000" errors="0">
  <testcase name="scroll" time="0.000" classname="com.ebay.Testcase.ScrollandSwipe">
    <skipped/>
  </testcase> <!-- scroll -->
  <testcase name="Swipe" time="0.000" classname="com.ebay.Testcase.ScrollandSwipe">
    <skipped/>
  </testcase> <!-- Swipe -->
</testsuite> <!-- com.ebay.Testcase.ScrollandSwipe -->
