<?xml version="1.0" encoding="UTF-8"?>
<!-- Generated by org.testng.reporters.JUnitReportReporter -->
<testsuite skipped="0" hostname="LAPTOP-PQIMIOOI" name="com.ebay.Testcase.Addtocart" tests="1" failures="0" timestamp="29 Jun 2018 03:32:54 GMT" time="29.113" errors="0">
  <testcase name="addToCart" time="29.113" classname="com.ebay.Testcase.Addtocart"/>
</testsuite> <!-- com.ebay.Testcase.Addtocart -->
