<?xml version="1.0" encoding="UTF-8"?>
<!-- Generated by org.testng.reporters.JUnitReportReporter -->
<testsuite skipped="0" hostname="LAPTOP-PQIMIOOI" name="com.ebay.Testcase.EbayRegister" tests="2" failures="0" timestamp="23 Jun 2018 10:14:50 GMT" time="47.672" errors="0">
  <testcase name="getdata" time="0.232" classname="com.ebay.Testcase.EbayRegister"/>
  <testcase name="register" time="47.440" classname="com.ebay.Testcase.EbayRegister"/>
</testsuite> <!-- com.ebay.Testcase.EbayRegister -->
