<?xml version="1.0" encoding="UTF-8"?>
<!-- Generated by org.testng.reporters.JUnitReportReporter -->
<testsuite skipped="0" hostname="LAPTOP-PQIMIOOI" name="Launch.Addtocart" tests="1" failures="0" timestamp="23 Jun 2018 06:54:34 GMT" time="60.034" errors="0">
  <testcase name="addToCart" time="60.034" classname="Launch.Addtocart"/>
</testsuite> <!-- Launch.Addtocart -->
