<?xml version="1.0" encoding="UTF-8"?>
<!-- Generated by org.testng.reporters.JUnitReportReporter -->
<testsuite skipped="1" hostname="LAPTOP-PQIMIOOI" name="com.ebay.Testcase.Rotation" tests="1" failures="0" timestamp="23 Jun 2018 10:07:36 GMT" time="0.000" errors="0">
  <testcase name="scroll" time="0.000" classname="com.ebay.Testcase.Rotation">
    <skipped/>
  </testcase> <!-- scroll -->
</testsuite> <!-- com.ebay.Testcase.Rotation -->
